
Showing logs for build [32mcb-kubecd-environment-pr-193-13-m4w5s-1[0m stage [32mfrom-build-pack[0m and container [32mstep-credential-initializer-dm7df[0m
{"level":"warn","ts":1586069814.3116646,"logger":"fallback-logger","caller":"logging/config.go:69","msg":"Fetch GitHub commit ID from kodata failed: \"ref: refs/heads/0.8.0-**-support-backwards-incompats\" is not a valid GitHub commit ID"}
{"level":"info","ts":1586069814.3126624,"logger":"fallback-logger","caller":"creds-init/main.go:40","msg":"Credentials initialized."}

Showing logs for build [32mcb-kubecd-environment-pr-193-13-m4w5s-1[0m stage [32mfrom-build-pack[0m and container [32mstep-working-dir-initializer-whrt9[0m
{"level":"warn","ts":1586069815.2839837,"logger":"fallback-logger","caller":"logging/config.go:69","msg":"Fetch GitHub commit ID from kodata failed: open /var/run/ko/HEAD: no such file or directory"}
{"level":"info","ts":1586069815.2858555,"logger":"fallback-logger","caller":"bash/main.go:64","msg":"Successfully executed command \"sh -c mkdir -p /workspace/source\"; output "}

Showing logs for build [32mcb-kubecd-environment-pr-193-13-m4w5s-1[0m stage [32mfrom-build-pack[0m and container [32mstep-place-tools[0m

Showing logs for build [32mcb-kubecd-environment-pr-193-13-m4w5s-1[0m stage [32mfrom-build-pack[0m and container [32mstep-git-source-cb-kubecd-environment-pr-193-13-m4w5s-86458[0m
{"level":"warn","ts":1586069821.4745288,"logger":"fallback-logger","caller":"logging/config.go:69","msg":"Fetch GitHub commit ID from kodata failed: \"ref: refs/heads/0.8.0-**-support-backwards-incompats\" is not a valid GitHub commit ID"}
{"level":"info","ts":1586069822.4849162,"logger":"fallback-logger","caller":"git/git.go:103","msg":"Successfully cloned https://github.com/cb-kubecd/environment-pr-193-130-boot-vault-gke-production.git @ master in path /workspace/source"}

Showing logs for build [32mcb-kubecd-environment-pr-193-13-m4w5s-1[0m stage [32mfrom-build-pack[0m and container [32mstep-git-merge[0m
Using SHAs from PULL_REFS=master:e375d7ee03b0fc5eccc57ed5ae3acd976ac6b23d,1:fdc6f743a97cc2bc179ad3b1ec87b55981363551
DEBUG: LC_ALL=C JX_LOG_LEVEL=error git fetch origin --unshallow fdc6f743a97cc2bc179ad3b1ec87b55981363551: e375d7ee03b0fc5eccc57ed5ae3acd976ac6b23d:
DEBUG: ran git fetch --unshallow origin fdc6f743a97cc2bc179ad3b1ec87b55981363551: e375d7ee03b0fc5eccc57ed5ae3acd976ac6b23d: in 
DEBUG: JX_LOG_LEVEL=error LC_ALL=C git branch
DEBUG: LC_ALL=C JX_LOG_LEVEL=error git checkout master
DEBUG: ran git checkout master in 
DEBUG: LC_ALL=C JX_LOG_LEVEL=error git reset --hard e375d7ee03b0fc5eccc57ed5ae3acd976ac6b23d
DEBUG: ran git reset --hard e375d7ee03b0fc5eccc57ed5ae3acd976ac6b23d in 
DEBUG: LC_ALL=C JX_LOG_LEVEL=error git clean -fd .
DEBUG: ran clean --force -d . in 
DEBUG: JX_LOG_LEVEL=error LC_ALL=C git merge fdc6f743a97cc2bc179ad3b1ec87b55981363551
DEBUG: ran git merge fdc6f743a97cc2bc179ad3b1ec87b55981363551 in 
DEBUG: LC_ALL=C JX_LOG_LEVEL=error git log --format=%H%x1f%an%x1f%ae%x1f%cn%x1f%ce%x1f%s%n%b%x1e e375d7ee03b0fc5eccc57ed5ae3acd976ac6b23d..HEAD
Merged SHA fdc6f743a97cc2bc179ad3b1ec87b55981363551 with commit message 'chore: Promote bdd-spring-1586068611 to version 0.0.1' into base branch master

Showing logs for build [32mcb-kubecd-environment-pr-193-13-m4w5s-1[0m stage [32mfrom-build-pack[0m and container [32mstep-build-helm-build[0m
WARNING: No $CHART_REPOSITORY defined so using the default value of: http://jenkins-x-chartmuseum:8080
Adding missing Helm repo: storage.googleapis.com https://storage.googleapis.com/chartmuseum.jenkins-x.io
WARNING: No secrets found on "helm/repos" due: reading the secret "helm/repos" from vault: no secret "helm/repos" not found in vault
Read credentials for https://storage.googleapis.com/chartmuseum.jenkins-x.io from vault helm/repos
Successfully added Helm repository storage.googleapis.com.
Adding missing Helm repo: jenkins-x-chartmuseum http://jenkins-x-chartmuseum:8080
WARNING: No secrets found on "helm/repos" due: reading the secret "helm/repos" from vault: no secret "helm/repos" not found in vault
Read credentials for http://jenkins-x-chartmuseum:8080 from vault helm/repos
Successfully added Helm repository jenkins-x-chartmuseum.
WARNING: No $CHART_REPOSITORY defined so using the default value of: http://jenkins-x-chartmuseum:8080
Adding missing Helm repo: chartmuseum.jenkins-x.io http://chartmuseum.jenkins-x.io
WARNING: No secrets found on "helm/repos" due: reading the secret "helm/repos" from vault: no secret "helm/repos" not found in vault
Read credentials for http://chartmuseum.jenkins-x.io from vault helm/repos
Successfully added Helm repository chartmuseum.jenkins-x.io.
